This is XeTeX, Version 3.14159265-2.6-0.99992 (MiKTeX 2.9) (preloaded format=xelatex 2017.5.12)  31 MAY 2017 13:01
entering extended mode
**"CV_Van Cam PHAM - FR.tex"
("CV_Van Cam PHAM - FR.tex"
LaTeX2e <2015/01/01> patch level 2
Babel <3.9m> and hyphenation patterns for 69 languages loaded.
(awesome-cv.cls
Document Class: awesome-cv 2017/02/05 v1.6.1 Awesome Curriculum Vitae Class
(C:\Users\VP242103\Downloads\tex\latex\base\article.cls
Document Class: article 2014/09/29 v1.4h Standard LaTeX document class
(C:\Users\VP242103\Downloads\tex\latex\base\size11.clo
File: size11.clo 2014/09/29 v1.4h Standard LaTeX file (size option)
Requested font "cmr10" at 10.95pt
)
\c@part=\count80
\c@section=\count81
\c@subsection=\count82
\c@subsubsection=\count83
\c@paragraph=\count84
\c@subparagraph=\count85
\c@figure=\count86
\c@table=\count87
\abovecaptionskip=\skip41
\belowcaptionskip=\skip42
\bibindent=\dimen102
)
(C:\Users\VP242103\Downloads\tex\latex\tools\array.sty
Package: array 2014/10/28 v2.4c Tabular extension package (FMi)
\col@sep=\dimen103
\extrarowheight=\dimen104
\NC@list=\toks14
\extratabsurround=\skip43
\backup@length=\skip44
)
(C:\Users\VP242103\Downloads\tex\latex\enumitem\enumitem.sty
Package: enumitem 2011/09/28 v3.5.2 Customized lists
\enitkv@toks@=\toks15
\labelindent=\skip45
\enit@outerparindent=\dimen105
\enit@toks=\toks16
\enit@inbox=\box26
\enitdp@description=\count88
)
(C:\Users\VP242103\Downloads\tex\latex\ms\ragged2e.sty
Package: ragged2e 2009/05/21 v2.1 ragged2e Package (MS)

(C:\Users\VP242103\Downloads\tex\latex\ms\everysel.sty
Package: everysel 2011/10/28 v1.2 EverySelectfont Package (MS)
)
\CenteringLeftskip=\skip46
\RaggedLeftLeftskip=\skip47
\RaggedRightLeftskip=\skip48
\CenteringRightskip=\skip49
\RaggedLeftRightskip=\skip50
\RaggedRightRightskip=\skip51
\CenteringParfillskip=\skip52
\RaggedLeftParfillskip=\skip53
\RaggedRightParfillskip=\skip54
\JustifyingParfillskip=\skip55
\CenteringParindent=\skip56
\RaggedLeftParindent=\skip57
\RaggedRightParindent=\skip58
\JustifyingParindent=\skip59
)
(C:\Users\VP242103\Downloads\tex\latex\geometry\geometry.sty
Package: geometry 2010/09/12 v5.6 Page Geometry

(C:\Users\VP242103\Downloads\tex\latex\graphics\keyval.sty
Package: keyval 2014/10/28 v1.15 key=value parser (DPC)
\KV@toks@=\toks17
)
(C:\Users\VP242103\Downloads\tex\generic\oberdiek\ifpdf.sty
Package: ifpdf 2011/01/30 v2.3 Provides the ifpdf switch (HO)
Package ifpdf Info: pdfTeX in PDF mode is not detected.
)
(C:\Users\VP242103\Downloads\tex\generic\oberdiek\ifvtex.sty
Package: ifvtex 2010/03/01 v1.5 Detect VTeX and its facilities (HO)
Package ifvtex Info: VTeX not detected.
)
(C:\Users\VP242103\Downloads\tex\generic\ifxetex\ifxetex.sty
Package: ifxetex 2010/09/12 v0.6 Provides ifxetex conditional
)
\Gm@cnth=\count89
\Gm@cntv=\count90
\c@Gm@tempcnt=\count91
\Gm@bindingoffset=\dimen106
\Gm@wd@mp=\dimen107
\Gm@odd@mp=\dimen108
\Gm@even@mp=\dimen109
\Gm@layoutwidth=\dimen110
\Gm@layoutheight=\dimen111
\Gm@layouthoffset=\dimen112
\Gm@layoutvoffset=\dimen113
\Gm@dimlist=\toks18

(C:\Users\VP242103\Downloads\tex\xelatex\xetexconfig\geometry.cfg))
(C:\Users\VP242103\Downloads\tex\latex\fancyhdr\fancyhdr.sty
Package: fancyhdr 2016/09/06 3.8 Extensive control of page headers and footers
\fancy@headwidth=\skip60
\f@ncyO@elh=\skip61
\f@ncyO@erh=\skip62
\f@ncyO@olh=\skip63
\f@ncyO@orh=\skip64
\f@ncyO@elf=\skip65
\f@ncyO@erf=\skip66
\f@ncyO@olf=\skip67
\f@ncyO@orf=\skip68
)
(C:\Users\VP242103\Downloads\tex\latex\xcolor\xcolor.sty
Package: xcolor 2007/01/21 v2.11 LaTeX color extensions (UK)

(C:\Users\VP242103\Downloads\tex\latex\00miktex\color.cfg
File: color.cfg 2007/01/18 v1.5 color configuration of teTeX/TeXLive
)
Package xcolor Info: Driver file: xetex.def on input line 225.

(C:\Users\VP242103\Downloads\tex\latex\graphics-def\xetex.def
File: xetex.def 2016/07/11 v4.10 LaTeX color/graphics driver for XeTeX (L3/RRM/
JK)
)
Package xcolor Info: Model `cmy' substituted by `cmy0' on input line 1337.
Package xcolor Info: Model `RGB' extended on input line 1353.
Package xcolor Info: Model `HTML' substituted by `rgb' on input line 1355.
Package xcolor Info: Model `Hsb' substituted by `hsb' on input line 1356.
Package xcolor Info: Model `tHsb' substituted by `hsb' on input line 1357.
Package xcolor Info: Model `HSB' substituted by `hsb' on input line 1358.
Package xcolor Info: Model `Gray' substituted by `gray' on input line 1359.
Package xcolor Info: Model `wave' substituted by `hsb' on input line 1360.
)
(C:\Users\VP242103\Downloads\tex\latex\xifthen\xifthen.sty
Package: xifthen 2015/11/05 v1.4.0 Extended ifthen features

(C:\Users\VP242103\Downloads\tex\latex\tools\calc.sty
Package: calc 2014/10/28 v4.3 Infix arithmetic (KKT,FJ)
\calc@Acount=\count92
\calc@Bcount=\count93
\calc@Adimen=\dimen114
\calc@Bdimen=\dimen115
\calc@Askip=\skip69
\calc@Bskip=\skip70
LaTeX Info: Redefining \setlength on input line 80.
LaTeX Info: Redefining \addtolength on input line 81.
\calc@Ccount=\count94
\calc@Cskip=\skip71
)
(C:\Users\VP242103\Downloads\tex\latex\base\ifthen.sty
Package: ifthen 2014/09/29 v1.1c Standard LaTeX ifthen package (DPC)
)
(C:\Users\VP242103\Downloads\tex\latex\ifmtarg\ifmtarg.sty
Package: ifmtarg 2009/09/02 v1.2a check for an empty argument
))
(C:\Users\VP242103\Downloads\tex\latex\etoolbox\etoolbox.sty
Package: etoolbox 2015/08/02 v2.2a e-TeX tools for LaTeX (JAW)
\etb@tempcnta=\count95
)
(C:\Users\VP242103\Downloads\tex\latex\setspace\setspace.sty
Package: setspace 2011/12/19 v6.7a set line spacing
)
(C:\Users\VP242103\Downloads\tex\latex\fontspec\fontspec.sty
Package: fontspec 2015/07/22 v2.4d Font selection for XeLaTeX and LuaLaTeX

(C:\Users\VP242103\Downloads\tex\latex\l3kernel\expl3.sty
Package: expl3 2016/01/19 v6377 L3 programming layer (loader) 

(C:\Users\VP242103\Downloads\tex\latex\l3kernel\expl3-code.tex
Package: expl3 2016/01/19 v6377 L3 programming layer (code)
L3 Module: l3bootstrap 2016/01/01 v6339 L3 Bootstrap code
L3 Module: l3names 2015/12/21 v6328 L3 Namespace for primitives
L3 Module: l3basics 2015/11/22 v6315 L3 Basic definitions
L3 Module: l3expan 2015/09/10 v5983 L3 Argument expansion
L3 Module: l3tl 2015/09/29 v6121 L3 Token lists
L3 Module: l3str 2016/01/03 v6357 L3 Strings
L3 Module: l3seq 2015/08/05 v5777 L3 Sequences and stacks
L3 Module: l3int 2016/01/05 v6366 L3 Integers
\c_max_int=\count96
\l_tmpa_int=\count97
\l_tmpb_int=\count98
\g_tmpa_int=\count99
\g_tmpb_int=\count100
L3 Module: l3quark 2015/08/17 v5855 L3 Quarks
L3 Module: l3prg 2015/11/01 v6216 L3 Control structures
\g__prg_map_int=\count101
L3 Module: l3clist 2015/09/02 v5901 L3 Comma separated lists
L3 Module: l3token 2015/11/11 v6249 L3 Experimental token manipulation
L3 Module: l3prop 2016/01/05 v6366 L3 Property lists
L3 Module: l3msg 2015/09/28 v6113 L3 Messages
L3 Module: l3file 2015/12/03 v6317 L3 File and I/O operations
\l_iow_line_count_int=\count102
\l__iow_target_count_int=\count103
\l__iow_current_line_int=\count104
\l__iow_current_word_int=\count105
\l__iow_current_indentation_int=\count106
L3 Module: l3skip 2016/01/05 v6366 L3 Dimensions and skips
\c_zero_dim=\dimen116
\c_max_dim=\dimen117
\l_tmpa_dim=\dimen118
\l_tmpb_dim=\dimen119
\g_tmpa_dim=\dimen120
\g_tmpb_dim=\dimen121
\c_zero_skip=\skip72
\c_max_skip=\skip73
\l_tmpa_skip=\skip74
\l_tmpb_skip=\skip75
\g_tmpa_skip=\skip76
\g_tmpb_skip=\skip77
\c_zero_muskip=\muskip10
\c_max_muskip=\muskip11
\l_tmpa_muskip=\muskip12
\l_tmpb_muskip=\muskip13
\g_tmpa_muskip=\muskip14
\g_tmpb_muskip=\muskip15
L3 Module: l3keys 2015/11/17 v6284 L3 Key-value interfaces
\g__keyval_level_int=\count107
\l_keys_choice_int=\count108
L3 Module: l3fp 2015/08/25 v5890 L3 Floating points
\c__fp_leading_shift_int=\count109
\c__fp_middle_shift_int=\count110
\c__fp_trailing_shift_int=\count111
\c__fp_big_leading_shift_int=\count112
\c__fp_big_middle_shift_int=\count113
\c__fp_big_trailing_shift_int=\count114
\c__fp_Bigg_leading_shift_int=\count115
\c__fp_Bigg_middle_shift_int=\count116
\c__fp_Bigg_trailing_shift_int=\count117
L3 Module: l3box 2015/08/09 v5822 L3 Experimental boxes
\c_empty_box=\box27
\l_tmpa_box=\box28
\l_tmpb_box=\box29
\g_tmpa_box=\box30
\g_tmpb_box=\box31
L3 Module: l3coffins 2015/08/06 v5789 L3 Coffin code layer
\l__coffin_internal_box=\box32
\l__coffin_internal_dim=\dimen122
\l__coffin_offset_x_dim=\dimen123
\l__coffin_offset_y_dim=\dimen124
\l__coffin_x_dim=\dimen125
\l__coffin_y_dim=\dimen126
\l__coffin_x_prime_dim=\dimen127
\l__coffin_y_prime_dim=\dimen128
\c_empty_coffin=\box33
\l__coffin_aligned_coffin=\box34
\l__coffin_aligned_internal_coffin=\box35
\l_tmpa_coffin=\box36
\l_tmpb_coffin=\box37
\l__coffin_display_coffin=\box38
\l__coffin_display_coord_coffin=\box39
\l__coffin_display_pole_coffin=\box40
\l__coffin_display_offset_dim=\dimen129
\l__coffin_display_x_dim=\dimen130
\l__coffin_display_y_dim=\dimen131
L3 Module: l3color 2014/08/23 v5354 L3 Experimental color support
L3 Module: l3sys 2015/09/25 v6087 L3 Experimental system/runtime functions
L3 Module: l3candidates 2016/01/14 v6376 L3 Experimental additions to l3kernel
\l__box_top_dim=\dimen132
\l__box_bottom_dim=\dimen133
\l__box_left_dim=\dimen134
\l__box_right_dim=\dimen135
\l__box_top_new_dim=\dimen136
\l__box_bottom_new_dim=\dimen137
\l__box_left_new_dim=\dimen138
\l__box_right_new_dim=\dimen139
\l__box_internal_box=\box41
\l__coffin_bounding_shift_dim=\dimen140
\l__coffin_left_corner_dim=\dimen141
\l__coffin_right_corner_dim=\dimen142
\l__coffin_bottom_corner_dim=\dimen143
\l__coffin_top_corner_dim=\dimen144
\l__coffin_scaled_total_height_dim=\dimen145
\l__coffin_scaled_width_dim=\dimen146
L3 Module: l3luatex 2015/11/11 v6250 L3 Experimental LuaTeX-specific functions
)
(C:\Users\VP242103\Downloads\tex\latex\l3kernel\l3xdvipdfmx.def
File: l3xdvidpfmx.def 2015/11/11 v6250 L3 Experimental driver: xdvipdfmx
))
(C:\Users\VP242103\Downloads\tex\latex\l3packages\xparse\xparse.sty
Package: xparse 2016/01/19 v6377 L3 Experimental document command parser
\l__xparse_current_arg_int=\count118
\l__xparse_m_args_int=\count119
\l__xparse_mandatory_args_int=\count120
\l__xparse_processor_int=\count121
\l__xparse_v_nesting_int=\count122
)
\l_fontspec_script_int=\count123
\l_fontspec_language_int=\count124
\l_fontspec_strnum_int=\count125
\l__fontspec_tmpa_dim=\dimen147
\l__fontspec_tmpb_dim=\dimen148
\l__fontspec_tmpc_dim=\dimen149

(C:\Users\VP242103\Downloads\tex\latex\fontspec\fontspec-patches.sty
Package: fontspec-patches 2015/07/22 v2.4d Font selection for XeLaTeX and LuaLa
TeX
LaTeX Info: Redefining \em on input line 49.
LaTeX Info: Redefining \emph on input line 57.
LaTeX Info: Redefining \- on input line 60.
.................................................
. LaTeX info: "xparse/redefine-command"
. 
. Redefining command \oldstylenums with sig. 'm' on line 155.
.................................................
.................................................
. LaTeX info: "xparse/define-command"
. 
. Defining command \liningnums with sig. 'm' on line 159.
.................................................
)
(C:\Users\VP242103\Downloads\tex\latex\fontspec\fontspec-xetex.sty
Package: fontspec-xetex 2015/07/22 v2.4d Font selection for XeLaTeX and LuaLaTe
X

(C:\Users\VP242103\Downloads\tex\latex\base\fontenc.sty
Package: fontenc 2005/09/27 v1.99g Standard LaTeX package

(C:\Users\VP242103\Downloads\tex\latex\euenc\eu1enc.def
File: eu1enc.def 2010/05/27 v0.1h Experimental Unicode font encodings
)
LaTeX Font Info:    Try loading font information for EU1+lmr on input line 105.


(C:\Users\VP242103\Downloads\tex\latex\euenc\eu1lmr.fd
File: eu1lmr.fd 2009/10/30 v1.6 Font defs for Latin Modern
)
Requested font "[lmroman10-regular]:mapping=tex-text" at 10.0pt
 -> C:/Users/VP242103/Downloads/fonts/opentype/public/lm/lmroman10-regular.otf
)
(C:\Users\VP242103\Downloads\tex\xelatex\xunicode\xunicode.sty
File: xunicode.sty 2011/09/09 v0.981 provides access to latin accents and many 
other characters in Unicode lower plane

(C:\Users\VP242103\Downloads\tex\latex\tipa\t3enc.def
File: t3enc.def 2001/12/31 T3 encoding
Requested font "[lmromanslant10-regular]:mapping=tex-text" at 10.0pt
 -> C:/Users/VP242103/Downloads/fonts/opentype/public/lm/lmromanslant10-regular
.otf
Requested font "[lmroman10-italic]:mapping=tex-text" at 10.0pt
 -> C:/Users/VP242103/Downloads/fonts/opentype/public/lm/lmroman10-italic.otf
Requested font "[lmroman10-bold]:mapping=tex-text" at 10.0pt
 -> C:/Users/VP242103/Downloads/fonts/opentype/public/lm/lmroman10-bold.otf
LaTeX Font Info:    Try loading font information for EU1+lmss on input line 357
.

(C:\Users\VP242103\Downloads\tex\latex\euenc\eu1lmss.fd
File: eu1lmss.fd 2009/10/30 v1.6 Font defs for Latin Modern
)
Requested font "[lmsans10-regular]:mapping=tex-text" at 10.0pt
 -> C:/Users/VP242103/Downloads/fonts/opentype/public/lm/lmsans10-regular.otf
)
\tipaTiiicode=\count126
\tipasavetokens=\toks19
\tipachecktokens=\toks20

(C:\Users\VP242103\Downloads\tex\latex\graphics\graphicx.sty
Package: graphicx 2014/10/28 v1.0g Enhanced LaTeX Graphics (DPC,SPQR)

(C:\Users\VP242103\Downloads\tex\latex\graphics\graphics.sty
Package: graphics 2014/10/28 v1.0p Standard LaTeX Graphics (DPC,SPQR)

(C:\Users\VP242103\Downloads\tex\latex\graphics\trig.sty
Package: trig 1999/03/16 v1.09 sin cos tan (DPC)
)
(C:\Users\VP242103\Downloads\tex\latex\00miktex\graphics.cfg
File: graphics.cfg 2007/01/18 v1.5 graphics configuration of teTeX/TeXLive
)
Package graphics Info: Driver file: xetex.def on input line 94.
)
\Gin@req@height=\dimen150
\Gin@req@width=\dimen151
))
.................................................
. LaTeX info: "xparse/define-command"
. 
. Defining command \__fontspec_post_arg:w with sig. 'mmO{}' on line 42.
.................................................
.................................................
. LaTeX info: "xparse/define-command"
. 
. Defining command \fontspec with sig. 'om' on line 44.
.................................................
.................................................
. LaTeX info: "xparse/define-command"
. 
. Defining command \setmainfont with sig. 'om' on line 54.
.................................................
.................................................
. LaTeX info: "xparse/define-command"
. 
. Defining command \setsansfont with sig. 'om' on line 64.
.................................................
.................................................
. LaTeX info: "xparse/define-command"
. 
. Defining command \setmonofont with sig. 'om' on line 74.
.................................................
.................................................
. LaTeX info: "xparse/define-command"
. 
. Defining command \setmathrm with sig. 'om' on line 88.
.................................................
.................................................
. LaTeX info: "xparse/define-command"
. 
. Defining command \setboldmathrm with sig. 'om' on line 96.
.................................................
.................................................
. LaTeX info: "xparse/define-command"
. 
. Defining command \setmathsf with sig. 'om' on line 104.
.................................................
.................................................
. LaTeX info: "xparse/define-command"
. 
. Defining command \setmathtt with sig. 'om' on line 112.
.................................................
.................................................
. LaTeX info: "xparse/define-command"
. 
. Defining command \newfontfamily with sig. 'mom' on line 126.
.................................................
.................................................
. LaTeX info: "xparse/define-command"
. 
. Defining command \newfontface with sig. 'mom' on line 141.
.................................................
.................................................
. LaTeX info: "xparse/define-command"
. 
. Defining command \defaultfontfeatures with sig. 't+om' on line 155.
.................................................
.................................................
. LaTeX info: "xparse/define-command"
. 
. Defining command \addfontfeatures with sig. 'm' on line 210.
.................................................
.................................................
. LaTeX info: "xparse/define-command"
. 
. Defining command \newfontfeature with sig. 'mm' on line 221.
.................................................
.................................................
. LaTeX info: "xparse/define-command"
. 
. Defining command \newAATfeature with sig. 'mmmm' on line 229.
.................................................
.................................................
. LaTeX info: "xparse/define-command"
. 
. Defining command \newopentypefeature with sig. 'mmm' on line 237.
.................................................
.................................................
. LaTeX info: "xparse/define-command"
. 
. Defining command \aliasfontfeature with sig. 'mm' on line 261.
.................................................
.................................................
. LaTeX info: "xparse/define-command"
. 
. Defining command \aliasfontfeatureoption with sig. 'mmm' on line 270.
.................................................
.................................................
. LaTeX info: "xparse/define-command"
. 
. Defining command \newfontscript with sig. 'mm' on line 275.
.................................................
.................................................
. LaTeX info: "xparse/define-command"
. 
. Defining command \newfontlanguage with sig. 'mm' on line 301.
.................................................
.................................................
. LaTeX info: "xparse/define-command"
. 
. Defining command \DeclareFontsExtensions with sig. 'm' on line 321.
.................................................
\l__fontspec_tmp_int=\count127
LaTeX Info: Redefining \itshape on input line 2230.
LaTeX Info: Redefining \slshape on input line 2235.
LaTeX Info: Redefining \scshape on input line 2240.
LaTeX Info: Redefining \upshape on input line 2245.

(C:\Users\VP242103\Downloads\tex\latex\fontspec\fontspec.cfg)))
(C:\Users\VP242103\Downloads\tex\latex\unicode-math\unicode-math.sty
Package: unicode-math 2017/01/27 v0.8d Unicode maths in XeLaTeX and LuaLaTeX

(C:\Users\VP242103\Downloads\tex\generic\oberdiek\ifluatex.sty
Package: ifluatex 2010/03/01 v1.3 Provides the ifluatex switch (HO)
Package ifluatex Info: LuaTeX not detected.
)
(C:\Users\VP242103\Downloads\tex\latex\ucharcat\ucharcat.sty
Package: ucharcat 2015/11/19 v0.03 ucharcat for luaLaTeX (DPC)
)
(C:\Users\VP242103\Downloads\tex\latex\l3packages\l3keys2e\l3keys2e.sty
Package: l3keys2e 2016/01/19 v6377 LaTeX2e option processing using LaTeX3 keys
)
(C:\Users\VP242103\Downloads\tex\latex\base\fix-cm.sty
Package: fix-cm 2015/01/14 v1.1t fixes to LaTeX

(C:\Users\VP242103\Downloads\tex\latex\base\ts1enc.def
File: ts1enc.def 2001/06/05 v3.0e (jk/car/fm) Standard LaTeX file
))
(C:\Users\VP242103\Downloads\tex\latex\filehook\filehook.sty
Package: filehook 2011/10/12 v0.5d Hooks for input files
)
\g__um_fam_int=\count128
\g__um_primekern_muskip=\muskip16
\l__um_primecount_int=\count129
.................................................
. LaTeX info: "xparse/define-command"
. 
. Defining command \unimathsetup with sig. 'm' on line 166.
.................................................

(C:\Users\VP242103\Downloads\tex\latex\unicode-math\unicode-math-xetex.sty
.................................................
. LaTeX info: "xparse/define-command"
. 
. Defining command \setmathfontface with sig. 'mO{}mO{}' on line 165.
.................................................
.................................................
. LaTeX info: "xparse/define-command"
. 
. Defining command \setoperatorfont with sig. 'm' on line 169.
.................................................
.................................................
. LaTeX info: "xparse/define-command"
. 
. Defining command \setmathfont with sig. 'O{}mO{}' on line 278.
.................................................
.................................................
. LaTeX info: "xparse/define-command"
. 
. Defining command \addnolimits with sig. 'm' on line 520.
.................................................
.................................................
. LaTeX info: "xparse/define-command"
. 
. Defining command \removenolimits with sig. 'm' on line 524.
.................................................
\g__file_internal_ior=\read1

(C:\Users\VP242103\Downloads\tex\latex\unicode-math\unicode-math-table.tex)))
(fontawesome.sty
Package: fontawesome 2015/11/04 v4.4.0 font awesome icons
Requested font "[fonts/FontAwesome]/OT" at 10.0pt
 -> ./fonts/FontAwesome.otf
\g__fontspec_family_FontAwesome_int=\count130
Requested font "[lmroman10-regular]:mapping=tex-text" at 10.95pt
 -> C:/Users/VP242103/Downloads/fonts/opentype/public/lm/lmroman10-regular.otf
)
(C:\Users\VP242103\Downloads\tex\latex\sourcesanspro\sourcesanspro.sty
Package: sourcesanspro 2016/12/03 v2.6 Adobe's Source Sans Pro typeface

(C:\Users\VP242103\Downloads\tex\latex\xkeyval\xkeyval.sty
Package: xkeyval 2014/12/03 v2.7a package option processing (HA)

(C:\Users\VP242103\Downloads\tex\generic\xkeyval\xkeyval.tex
(C:\Users\VP242103\Downloads\tex\generic\xkeyval\xkvutils.tex
\XKV@toks=\toks21
\XKV@tempa@toks=\toks22
)
\XKV@depth=\count131
File: xkeyval.tex 2014/12/03 v2.7a key=value parser (HA)
))
Requested font "[SourceSansPro-Regular.otf]/OT" at 10.0pt
 -> C:/Users/VP242103/Downloads/fonts/opentype/adobe/sourcesanspro/SourceSansPr
o-Regular.otf
\g__fontspec_family_SourceSansPro_int=\count132
Requested font "[SourceSansPro-Bold.otf]/OT" at 10.0pt
 -> C:/Users/VP242103/Downloads/fonts/opentype/adobe/sourcesanspro/SourceSansPr
o-Bold.otf
Requested font "[SourceSansPro-RegularIt.otf]/OT" at 10.0pt
 -> C:/Users/VP242103/Downloads/fonts/opentype/adobe/sourcesanspro/SourceSansPr
o-RegularIt.otf
Requested font "[SourceSansPro-BoldIt.otf]/OT" at 10.0pt
 -> C:/Users/VP242103/Downloads/fonts/opentype/adobe/sourcesanspro/SourceSansPr
o-BoldIt.otf
LaTeX Font Info:    Overwriting math alphabet `\mathsf' in version `normal'
(Font)                  OT1/cmss/m/n --> EU1/SourceSansPro(1)/m/n on input line
 122.
LaTeX Font Info:    Overwriting math alphabet `\mathsf' in version `bold'
(Font)                  OT1/cmss/bx/n --> EU1/SourceSansPro(1)/bx/n on input li
ne 122.
Requested font "[SourceSansPro-Light.otf]/OT" at 10.0pt
 -> C:/Users/VP242103/Downloads/fonts/opentype/adobe/sourcesanspro/SourceSansPr
o-Light.otf
Requested font "[SourceSansPro-Semibold.otf]/OT" at 10.0pt
 -> C:/Users/VP242103/Downloads/fonts/opentype/adobe/sourcesanspro/SourceSansPr
o-Semibold.otf
Requested font "[SourceSansPro-LightIt.otf]/OT" at 10.0pt
 -> C:/Users/VP242103/Downloads/fonts/opentype/adobe/sourcesanspro/SourceSansPr
o-LightIt.otf
Requested font "[SourceSansPro-SemiboldIt.otf]/OT" at 10.0pt
 -> C:/Users/VP242103/Downloads/fonts/opentype/adobe/sourcesanspro/SourceSansPr
o-SemiboldIt.otf
Requested font "[SourceSansPro-ExtraLight.otf]/OT" at 10.0pt
 -> C:/Users/VP242103/Downloads/fonts/opentype/adobe/sourcesanspro/SourceSansPr
o-ExtraLight.otf
Requested font "[SourceSansPro-Black.otf]/OT" at 10.0pt
 -> C:/Users/VP242103/Downloads/fonts/opentype/adobe/sourcesanspro/SourceSansPr
o-Black.otf
Requested font "[SourceSansPro-ExtraLightIt.otf]/OT" at 10.0pt
 -> C:/Users/VP242103/Downloads/fonts/opentype/adobe/sourcesanspro/SourceSansPr
o-ExtraLightIt.otf
Requested font "[SourceSansPro-BlackIt.otf]/OT" at 10.0pt
 -> C:/Users/VP242103/Downloads/fonts/opentype/adobe/sourcesanspro/SourceSansPr
o-BlackIt.otf
)
(C:\Users\VP242103\Downloads\tex\latex\tcolorbox\tcolorbox.sty
Package: tcolorbox 2016/04/27 version 3.91 text color boxes

(C:\Users\VP242103\Downloads\tex\latex\pgf\basiclayer\pgf.sty
(C:\Users\VP242103\Downloads\tex\latex\pgf\utilities\pgfrcs.sty
(C:\Users\VP242103\Downloads\tex\generic\pgf\utilities\pgfutil-common.tex
\pgfutil@everybye=\toks23
\pgfutil@tempdima=\dimen152
\pgfutil@tempdimb=\dimen153

(C:\Users\VP242103\Downloads\tex\generic\pgf\utilities\pgfutil-common-lists.tex
)) (C:\Users\VP242103\Downloads\tex\generic\pgf\utilities\pgfutil-latex.def
\pgfutil@abb=\box42

(C:\Users\VP242103\Downloads\tex\latex\ms\everyshi.sty
Package: everyshi 2001/05/15 v3.00 EveryShipout Package (MS)
))
(C:\Users\VP242103\Downloads\tex\generic\pgf\utilities\pgfrcs.code.tex
Package: pgfrcs 2015/08/07 v3.0.1a (rcs-revision 1.31)
))
Package: pgf 2015/08/07 v3.0.1a (rcs-revision 1.15)

(C:\Users\VP242103\Downloads\tex\latex\pgf\basiclayer\pgfcore.sty
(C:\Users\VP242103\Downloads\tex\latex\pgf\systemlayer\pgfsys.sty
(C:\Users\VP242103\Downloads\tex\generic\pgf\systemlayer\pgfsys.code.tex
Package: pgfsys 2014/07/09 v3.0.1a (rcs-revision 1.48)

(C:\Users\VP242103\Downloads\tex\generic\pgf\utilities\pgfkeys.code.tex
\pgfkeys@pathtoks=\toks24
\pgfkeys@temptoks=\toks25

(C:\Users\VP242103\Downloads\tex\generic\pgf\utilities\pgfkeysfiltered.code.tex
\pgfkeys@tmptoks=\toks26
))
\pgf@x=\dimen154
\pgf@y=\dimen155
\pgf@xa=\dimen156
\pgf@ya=\dimen157
\pgf@xb=\dimen158
\pgf@yb=\dimen159
\pgf@xc=\dimen160
\pgf@yc=\dimen161
\w@pgf@writea=\write3
\r@pgf@reada=\read2
\c@pgf@counta=\count133
\c@pgf@countb=\count134
\c@pgf@countc=\count135
\c@pgf@countd=\count136
\t@pgf@toka=\toks27
\t@pgf@tokb=\toks28
\t@pgf@tokc=\toks29
 (C:\Users\VP242103\Downloads\tex\generic\pgf\systemlayer\pgf.cfg
File: pgf.cfg 2008/05/14  (rcs-revision 1.7)
)
Driver file for pgf: pgfsys-xetex.def

(C:\Users\VP242103\Downloads\tex\generic\pgf\systemlayer\pgfsys-xetex.def
File: pgfsys-xetex.def 2014/07/09  (rcs-revision 1.11)

(C:\Users\VP242103\Downloads\tex\generic\pgf\systemlayer\pgfsys-dvipdfmx.def
File: pgfsys-dvipdfmx.def 2014/07/09  (rcs-revision 1.14)

(C:\Users\VP242103\Downloads\tex\generic\pgf\systemlayer\pgfsys-common-pdf.def
File: pgfsys-common-pdf.def 2013/10/10  (rcs-revision 1.13)
)
\pgfsys@objnum=\count137
)))
(C:\Users\VP242103\Downloads\tex\generic\pgf\systemlayer\pgfsyssoftpath.code.te
x
File: pgfsyssoftpath.code.tex 2013/09/09  (rcs-revision 1.9)
\pgfsyssoftpath@smallbuffer@items=\count138
\pgfsyssoftpath@bigbuffer@items=\count139
)
(C:\Users\VP242103\Downloads\tex\generic\pgf\systemlayer\pgfsysprotocol.code.te
x
File: pgfsysprotocol.code.tex 2006/10/16  (rcs-revision 1.4)
)) (C:\Users\VP242103\Downloads\tex\generic\pgf\basiclayer\pgfcore.code.tex
Package: pgfcore 2010/04/11 v3.0.1a (rcs-revision 1.7)

(C:\Users\VP242103\Downloads\tex\generic\pgf\math\pgfmath.code.tex
(C:\Users\VP242103\Downloads\tex\generic\pgf\math\pgfmathcalc.code.tex
(C:\Users\VP242103\Downloads\tex\generic\pgf\math\pgfmathutil.code.tex)
(C:\Users\VP242103\Downloads\tex\generic\pgf\math\pgfmathparser.code.tex
\pgfmath@dimen=\dimen162
\pgfmath@count=\count140
\pgfmath@box=\box43
\pgfmath@toks=\toks30
\pgfmath@stack@operand=\toks31
\pgfmath@stack@operation=\toks32
)
(C:\Users\VP242103\Downloads\tex\generic\pgf\math\pgfmathfunctions.code.tex
(C:\Users\VP242103\Downloads\tex\generic\pgf\math\pgfmathfunctions.basic.code.t
ex)
(C:\Users\VP242103\Downloads\tex\generic\pgf\math\pgfmathfunctions.trigonometri
c.code.tex)
(C:\Users\VP242103\Downloads\tex\generic\pgf\math\pgfmathfunctions.random.code.
tex)
(C:\Users\VP242103\Downloads\tex\generic\pgf\math\pgfmathfunctions.comparison.c
ode.tex)
(C:\Users\VP242103\Downloads\tex\generic\pgf\math\pgfmathfunctions.base.code.te
x)
(C:\Users\VP242103\Downloads\tex\generic\pgf\math\pgfmathfunctions.round.code.t
ex)
(C:\Users\VP242103\Downloads\tex\generic\pgf\math\pgfmathfunctions.misc.code.te
x)
(C:\Users\VP242103\Downloads\tex\generic\pgf\math\pgfmathfunctions.integerarith
metics.code.tex)))
(C:\Users\VP242103\Downloads\tex\generic\pgf\math\pgfmathfloat.code.tex
\c@pgfmathroundto@lastzeros=\count141
))
(C:\Users\VP242103\Downloads\tex\generic\pgf\basiclayer\pgfcorepoints.code.tex
File: pgfcorepoints.code.tex 2013/10/07  (rcs-revision 1.27)
\pgf@picminx=\dimen163
\pgf@picmaxx=\dimen164
\pgf@picminy=\dimen165
\pgf@picmaxy=\dimen166
\pgf@pathminx=\dimen167
\pgf@pathmaxx=\dimen168
\pgf@pathminy=\dimen169
\pgf@pathmaxy=\dimen170
\pgf@xx=\dimen171
\pgf@xy=\dimen172
\pgf@yx=\dimen173
\pgf@yy=\dimen174
\pgf@zx=\dimen175
\pgf@zy=\dimen176
)
(C:\Users\VP242103\Downloads\tex\generic\pgf\basiclayer\pgfcorepathconstruct.co
de.tex
File: pgfcorepathconstruct.code.tex 2013/10/07  (rcs-revision 1.29)
\pgf@path@lastx=\dimen177
\pgf@path@lasty=\dimen178
)
(C:\Users\VP242103\Downloads\tex\generic\pgf\basiclayer\pgfcorepathusage.code.t
ex
File: pgfcorepathusage.code.tex 2014/11/02  (rcs-revision 1.24)
\pgf@shorten@end@additional=\dimen179
\pgf@shorten@start@additional=\dimen180
)
(C:\Users\VP242103\Downloads\tex\generic\pgf\basiclayer\pgfcorescopes.code.tex
File: pgfcorescopes.code.tex 2015/05/08  (rcs-revision 1.46)
\pgfpic=\box44
\pgf@hbox=\box45
\pgf@layerbox@main=\box46
\pgf@picture@serial@count=\count142
)
(C:\Users\VP242103\Downloads\tex\generic\pgf\basiclayer\pgfcoregraphicstate.cod
e.tex
File: pgfcoregraphicstate.code.tex 2014/11/02  (rcs-revision 1.12)
\pgflinewidth=\dimen181
)
(C:\Users\VP242103\Downloads\tex\generic\pgf\basiclayer\pgfcoretransformations.
code.tex
File: pgfcoretransformations.code.tex 2015/08/07  (rcs-revision 1.20)
\pgf@pt@x=\dimen182
\pgf@pt@y=\dimen183
\pgf@pt@temp=\dimen184
)
(C:\Users\VP242103\Downloads\tex\generic\pgf\basiclayer\pgfcorequick.code.tex
File: pgfcorequick.code.tex 2008/10/09  (rcs-revision 1.3)
)
(C:\Users\VP242103\Downloads\tex\generic\pgf\basiclayer\pgfcoreobjects.code.tex
File: pgfcoreobjects.code.tex 2006/10/11  (rcs-revision 1.2)
)
(C:\Users\VP242103\Downloads\tex\generic\pgf\basiclayer\pgfcorepathprocessing.c
ode.tex
File: pgfcorepathprocessing.code.tex 2013/09/09  (rcs-revision 1.9)
)
(C:\Users\VP242103\Downloads\tex\generic\pgf\basiclayer\pgfcorearrows.code.tex
File: pgfcorearrows.code.tex 2015/05/14  (rcs-revision 1.43)
\pgfarrowsep=\dimen185
) (C:\Users\VP242103\Downloads\tex\generic\pgf\basiclayer\pgfcoreshade.code.tex
File: pgfcoreshade.code.tex 2013/07/15  (rcs-revision 1.15)
\pgf@max=\dimen186
\pgf@sys@shading@range@num=\count143
) (C:\Users\VP242103\Downloads\tex\generic\pgf\basiclayer\pgfcoreimage.code.tex
File: pgfcoreimage.code.tex 2013/07/15  (rcs-revision 1.18)

(C:\Users\VP242103\Downloads\tex\generic\pgf\basiclayer\pgfcoreexternal.code.te
x
File: pgfcoreexternal.code.tex 2014/07/09  (rcs-revision 1.21)
\pgfexternal@startupbox=\box47
))
(C:\Users\VP242103\Downloads\tex\generic\pgf\basiclayer\pgfcorelayers.code.tex
File: pgfcorelayers.code.tex 2013/07/18  (rcs-revision 1.7)
)
(C:\Users\VP242103\Downloads\tex\generic\pgf\basiclayer\pgfcoretransparency.cod
e.tex
File: pgfcoretransparency.code.tex 2013/09/30  (rcs-revision 1.5)
)
(C:\Users\VP242103\Downloads\tex\generic\pgf\basiclayer\pgfcorepatterns.code.te
x
File: pgfcorepatterns.code.tex 2013/11/07  (rcs-revision 1.5)
)))
(C:\Users\VP242103\Downloads\tex\generic\pgf\modules\pgfmoduleshapes.code.tex
File: pgfmoduleshapes.code.tex 2014/03/21  (rcs-revision 1.35)
\pgfnodeparttextbox=\box48
)
(C:\Users\VP242103\Downloads\tex\generic\pgf\modules\pgfmoduleplot.code.tex
File: pgfmoduleplot.code.tex 2015/08/03  (rcs-revision 1.13)
)
(C:\Users\VP242103\Downloads\tex\latex\pgf\compatibility\pgfcomp-version-0-65.s
ty
Package: pgfcomp-version-0-65 2007/07/03 v3.0.1a (rcs-revision 1.7)
\pgf@nodesepstart=\dimen187
\pgf@nodesepend=\dimen188
)
(C:\Users\VP242103\Downloads\tex\latex\pgf\compatibility\pgfcomp-version-1-18.s
ty
Package: pgfcomp-version-1-18 2007/07/23 v3.0.1a (rcs-revision 1.1)
)) (C:\Users\VP242103\Downloads\tex\latex\tools\verbatim.sty
Package: verbatim 2014/10/28 v1.5q LaTeX2e package for verbatim enhancements
\every@verbatim=\toks33
\verbatim@line=\toks34
\verbatim@in@stream=\read3
)
(C:\Users\VP242103\Downloads\tex\latex\environ\environ.sty
Package: environ 2014/05/04 v0.3 A new way to define environments

(C:\Users\VP242103\Downloads\tex\latex\trimspaces\trimspaces.sty
Package: trimspaces 2009/09/17 v1.1 Trim spaces around a token list
)
\@envbody=\toks35
)
\tcb@titlebox=\box49
\tcb@upperbox=\box50
\tcb@lowerbox=\box51
\tcb@phantombox=\box52
\c@tcbbreakpart=\count144
\c@tcblayer=\count145
\tcolorbox@number=\count146
\tcb@temp=\box53
\tcb@temp=\box54
\tcb@temp=\box55
\tcb@temp=\box56
\tcb@out=\write4
\tcb@record@out=\write5

(C:\Users\VP242103\Downloads\tex\latex\tcolorbox\tcbskins.code.tex
Library (tcolorbox): 'tcbskins.code.tex' version '3.91'
(C:\Users\VP242103\Downloads\tex\latex\pgf\frontendlayer\tikz.sty
(C:\Users\VP242103\Downloads\tex\latex\pgf\utilities\pgffor.sty
(C:\Users\VP242103\Downloads\tex\latex\pgf\utilities\pgfkeys.sty
(C:\Users\VP242103\Downloads\tex\generic\pgf\utilities\pgfkeys.code.tex))
(C:\Users\VP242103\Downloads\tex\latex\pgf\math\pgfmath.sty
(C:\Users\VP242103\Downloads\tex\generic\pgf\math\pgfmath.code.tex))
(C:\Users\VP242103\Downloads\tex\generic\pgf\utilities\pgffor.code.tex
Package: pgffor 2013/12/13 v3.0.1a (rcs-revision 1.25)

(C:\Users\VP242103\Downloads\tex\generic\pgf\math\pgfmath.code.tex)
\pgffor@iter=\dimen189
\pgffor@skip=\dimen190
\pgffor@stack=\toks36
\pgffor@toks=\toks37
))
(C:\Users\VP242103\Downloads\tex\generic\pgf\frontendlayer\tikz\tikz.code.tex
Package: tikz 2015/08/07 v3.0.1a (rcs-revision 1.151)

(C:\Users\VP242103\Downloads\tex\generic\pgf\libraries\pgflibraryplothandlers.c
ode.tex
File: pgflibraryplothandlers.code.tex 2013/08/31 v3.0.1a (rcs-revision 1.20)
\pgf@plot@mark@count=\count147
\pgfplotmarksize=\dimen191
)
\tikz@lastx=\dimen192
\tikz@lasty=\dimen193
\tikz@lastxsaved=\dimen194
\tikz@lastysaved=\dimen195
\tikzleveldistance=\dimen196
\tikzsiblingdistance=\dimen197
\tikz@figbox=\box57
\tikz@figbox@bg=\box58
\tikz@tempbox=\box59
\tikz@tempbox@bg=\box60
\tikztreelevel=\count148
\tikznumberofchildren=\count149
\tikznumberofcurrentchild=\count150
\tikz@fig@count=\count151

(C:\Users\VP242103\Downloads\tex\generic\pgf\modules\pgfmodulematrix.code.tex
File: pgfmodulematrix.code.tex 2013/09/17  (rcs-revision 1.8)
\pgfmatrixcurrentrow=\count152
\pgfmatrixcurrentcolumn=\count153
\pgf@matrix@numberofcolumns=\count154
)
\tikz@expandcount=\count155

(C:\Users\VP242103\Downloads\tex\generic\pgf\frontendlayer\tikz\libraries\tikzl
ibrarytopaths.code.tex
File: tikzlibrarytopaths.code.tex 2008/06/17 v3.0.1a (rcs-revision 1.2)
)))
\tcb@waterbox=\box61

(C:\Users\VP242103\Downloads\tex\latex\tcolorbox\tcbskinsjigsaw.code.tex
Library (tcolorbox): 'tcbskinsjigsaw.code.tex' version '3.91'
))) (C:\Users\VP242103\Downloads\tex\latex\ltxmisc\parskip.sty
Package: parskip 2001/04/09 non-zero parskip adjustments
)
(C:\Users\VP242103\Downloads\tex\latex\hyperref\hyperref.sty
Package: hyperref 2012/11/06 v6.83m Hypertext links for LaTeX

(C:\Users\VP242103\Downloads\tex\generic\oberdiek\hobsub-hyperref.sty
Package: hobsub-hyperref 2012/04/25 v1.12 Bundle oberdiek, subset hyperref (HO)


(C:\Users\VP242103\Downloads\tex\generic\oberdiek\hobsub-generic.sty
Package: hobsub-generic 2012/04/25 v1.12 Bundle oberdiek, subset generic (HO)
Package: hobsub 2012/04/25 v1.12 Construct package bundles (HO)
Package: infwarerr 2010/04/08 v1.3 Providing info/warning/error messages (HO)
Package: ltxcmds 2011/11/09 v1.22 LaTeX kernel commands for general use (HO)
Package hobsub Info: Skipping package `ifluatex' (already loaded).
Package hobsub Info: Skipping package `ifvtex' (already loaded).
Package: intcalc 2007/09/27 v1.1 Expandable calculations with integers (HO)
Package hobsub Info: Skipping package `ifpdf' (already loaded).
Package: etexcmds 2011/02/16 v1.5 Avoid name clashes with e-TeX commands (HO)
Package etexcmds Info: Could not find \expanded.
(etexcmds)             That can mean that you are not using pdfTeX 1.50 or
(etexcmds)             that some package has redefined \expanded.
(etexcmds)             In the latter case, load this package earlier.
Package: kvsetkeys 2012/04/25 v1.16 Key value parser (HO)
Package: kvdefinekeys 2011/04/07 v1.3 Define keys (HO)
Package: pdftexcmds 2011/11/29 v0.20 Utility functions of pdfTeX for LuaTeX (HO
)
Package pdftexcmds Info: LuaTeX not detected.
Package pdftexcmds Info: pdfTeX >= 1.30 not detected.
Package pdftexcmds Info: \pdf@primitive is available.
Package pdftexcmds Info: \pdf@ifprimitive is available.
Package pdftexcmds Info: \pdfdraftmode not found.
Package: pdfescape 2011/11/25 v1.13 Implements pdfTeX's escape features (HO)
Package: bigintcalc 2012/04/08 v1.3 Expandable calculations on big integers (HO
)
Package: bitset 2011/01/30 v1.1 Handle bit-vector datatype (HO)
Package: uniquecounter 2011/01/30 v1.2 Provide unlimited unique counter (HO)
)
Package hobsub Info: Skipping package `hobsub' (already loaded).
Package: letltxmacro 2010/09/02 v1.4 Let assignment for LaTeX macros (HO)
Package: hopatch 2011/06/24 v1.1 Wrapper for package hooks (HO)
Package: xcolor-patch 2011/01/30 xcolor patch
Package: atveryend 2011/06/30 v1.8 Hooks at the very end of document (HO)
Package: atbegshi 2011/10/05 v1.16 At begin shipout hook (HO)
Package: refcount 2011/10/16 v3.4 Data extraction from label references (HO)
Package: hycolor 2011/01/30 v1.7 Color options for hyperref/bookmark (HO)
)
(C:\Users\VP242103\Downloads\tex\latex\oberdiek\auxhook.sty
Package: auxhook 2011/03/04 v1.3 Hooks for auxiliary files (HO)
)
(C:\Users\VP242103\Downloads\tex\latex\oberdiek\kvoptions.sty
Package: kvoptions 2011/06/30 v3.11 Key value format for package options (HO)
)
\@linkdim=\dimen198
\Hy@linkcounter=\count156
\Hy@pagecounter=\count157

(C:\Users\VP242103\Downloads\tex\latex\hyperref\pd1enc.def
File: pd1enc.def 2012/11/06 v6.83m Hyperref: PDFDocEncoding definition (HO)
)
\Hy@SavedSpaceFactor=\count158

(C:\Users\VP242103\Downloads\tex\latex\00miktex\hyperref.cfg
File: hyperref.cfg 2002/06/06 v1.2 hyperref configuration of TeXLive
)
Package hyperref Info: Option `unicode' set `true' on input line 4319.

(C:\Users\VP242103\Downloads\tex\latex\hyperref\puenc.def
File: puenc.def 2012/11/06 v6.83m Hyperref: PDF Unicode definition (HO)
)
Package hyperref Info: Hyper figures OFF on input line 4443.
Package hyperref Info: Link nesting OFF on input line 4448.
Package hyperref Info: Hyper index ON on input line 4451.
Package hyperref Info: Plain pages OFF on input line 4458.
Package hyperref Info: Backreferencing OFF on input line 4463.
Package hyperref Info: Implicit mode ON; LaTeX internals redefined.
Package hyperref Info: Bookmarks ON on input line 4688.
\c@Hy@tempcnt=\count159

(C:\Users\VP242103\Downloads\tex\latex\url\url.sty
\Urlmuskip=\muskip17
Package: url 2013/09/16  ver 3.4  Verb mode for urls, etc.
)
LaTeX Info: Redefining \url on input line 5041.
\XeTeXLinkMargin=\dimen199
Requested font "pzdr" at 0.00002pt
\Fld@menulength=\count160
\Field@Width=\dimen200
\Fld@charsize=\dimen201
Package hyperref Info: Hyper figures OFF on input line 6295.
Package hyperref Info: Link nesting OFF on input line 6300.
Package hyperref Info: Hyper index ON on input line 6303.
Package hyperref Info: backreferencing OFF on input line 6310.
Package hyperref Info: Link coloring OFF on input line 6315.
Package hyperref Info: Link coloring with OCG OFF on input line 6320.
Package hyperref Info: PDF/A mode OFF on input line 6325.
LaTeX Info: Redefining \ref on input line 6365.
LaTeX Info: Redefining \pageref on input line 6369.
\Hy@abspage=\count161
\c@Item=\count162
\c@Hfootnote=\count163
)

Package hyperref Message: Driver (autodetected): hxetex.

(C:\Users\VP242103\Downloads\tex\latex\hyperref\hxetex.def
File: hxetex.def 2012/11/06 v6.83m Hyperref driver for XeTeX

(C:\Users\VP242103\Downloads\tex\generic\oberdiek\stringenc.sty
Package: stringenc 2011/12/02 v1.10 Convert strings between diff. encodings (HO
)
)
\pdfm@box=\box62
\c@Hy@AnnotLevel=\count164
\HyField@AnnotCount=\count165
\Fld@listcount=\count166
\c@bookmark@seq@number=\count167

(C:\Users\VP242103\Downloads\tex\latex\oberdiek\rerunfilecheck.sty
Package: rerunfilecheck 2011/04/15 v1.7 Rerun checks for auxiliary files (HO)
Package rerunfilecheck Info: Feature \pdfmdfivesum is not available
(rerunfilecheck)             (e.g. pdfTeX or LuaTeX with package `pdftexcmds').

(rerunfilecheck)             Therefore file contents cannot be checked efficien
tly
(rerunfilecheck)             and the loading of the package is aborted.
)
\Hy@SectionHShift=\skip78
)
LaTeX Info: Redefining \FA on input line 164.
Requested font "[fonts/Roboto-Regular]/OT" at 10.0pt
 -> ./fonts/Roboto-Regular.ttf
\g__fontspec_family_Roboto_int=\count168
Requested font "[fonts/Roboto-Bold]/OT" at 10.0pt
 -> ./fonts/Roboto-Bold.ttf
Requested font "[fonts/Roboto-Italic]/OT" at 10.0pt
 -> ./fonts/Roboto-Italic.ttf
Requested font "[fonts/Roboto-BoldItalic]/OT" at 10.0pt
 -> ./fonts/Roboto-BoldItalic.ttf
Requested font "[fonts/Roboto-Thin]/OT" at 10.0pt
 -> ./fonts/Roboto-Thin.ttf
Requested font "[fonts/Roboto-Medium]/OT" at 10.0pt
 -> ./fonts/Roboto-Medium.ttf
Requested font "[fonts/Roboto-ThinItalic]/OT" at 10.0pt
 -> ./fonts/Roboto-ThinItalic.ttf
Requested font "[fonts/Roboto-MediumItalic]/OT" at 10.0pt
 -> ./fonts/Roboto-MediumItalic.ttf
)
(C:\Users\VP242103\Downloads\tex\latex\natbib\natbib.sty
Package: natbib 2010/09/13 8.31b (PWD, AO)
\bibhang=\skip79
\bibsep=\skip80
LaTeX Info: Redefining \cite on input line 694.
\c@NAT@ctr=\count169
)
(C:\Users\VP242103\Downloads\tex\latex\tools\enumerate.sty
Package: enumerate 2014/10/28 v3.00 enumerate extensions (DPC)
\@enLab=\toks38
)
(C:\Users\VP242103\Downloads\tex\latex\natbib\bibentry.sty
Package: bibentry 2007/10/30 1.5 (PWD)
)
("CV_Van Cam PHAM - FR.aux")
LaTeX Font Info:    Checking defaults for OML/cmm/m/it on input line 81.
LaTeX Font Info:    ... okay on input line 81.
LaTeX Font Info:    Checking defaults for T1/cmr/m/n on input line 81.
LaTeX Font Info:    ... okay on input line 81.
LaTeX Font Info:    Checking defaults for OT1/cmr/m/n on input line 81.
LaTeX Font Info:    ... okay on input line 81.
LaTeX Font Info:    Checking defaults for OMS/cmsy/m/n on input line 81.
LaTeX Font Info:    ... okay on input line 81.
LaTeX Font Info:    Checking defaults for OMX/cmex/m/n on input line 81.
LaTeX Font Info:    ... okay on input line 81.
LaTeX Font Info:    Checking defaults for U/cmr/m/n on input line 81.
LaTeX Font Info:    ... okay on input line 81.
LaTeX Font Info:    Checking defaults for EU1/lmr/m/n on input line 81.
LaTeX Font Info:    ... okay on input line 81.
LaTeX Font Info:    Checking defaults for T3/cmr/m/n on input line 81.
LaTeX Font Info:    Try loading font information for T3+cmr on input line 81.

(C:\Users\VP242103\Downloads\tex\latex\tipa\t3cmr.fd
File: t3cmr.fd 2001/12/31 TIPA font definitions
)
LaTeX Font Info:    ... okay on input line 81.
LaTeX Font Info:    Checking defaults for TS1/cmr/m/n on input line 81.
LaTeX Font Info:    ... okay on input line 81.
LaTeX Font Info:    Checking defaults for PD1/pdf/m/n on input line 81.
LaTeX Font Info:    ... okay on input line 81.
LaTeX Font Info:    Checking defaults for PU/pdf/m/n on input line 81.
LaTeX Font Info:    ... okay on input line 81.
LaTeX Font Info:    Font shape `EU1/SourceSansPro(0)/m/n' will be
(Font)              scaled to size 10.95pt on input line 81.
Requested font "[SourceSansPro-Regular.otf]/OT:script=latn;language=DFLT;mappin
g=tex-text;+pnum;mapping=tex-text;" at 10.95pt
 -> C:/Users/VP242103/Downloads/fonts/opentype/adobe/sourcesanspro/SourceSansPr
o-Regular.otf

ABD: EverySelectfont initializing macros
LaTeX Info: Redefining \selectfont on input line 81.

*geometry* detected driver: pdftex
*geometry* verbose mode - [ preamble ] result:
* driver: pdftex
* paper: a4paper
* layout: <same size as paper>
* layoutoffset:(h,v)=(0.0pt,0.0pt)
* modes: 
* h-part:(L,W,R)=(56.9055pt, 483.69687pt, 56.9055pt)
* v-part:(T,H,B)=(42.67912pt, 745.46222pt, 56.9055pt)
* \paperwidth=597.50787pt
* \paperheight=845.04684pt
* \textwidth=483.69687pt
* \textheight=745.46222pt
* \oddsidemargin=-15.36449pt
* \evensidemargin=-15.36449pt
* \topmargin=-66.59087pt
* \headheight=12.0pt
* \headsep=25.0pt
* \topskip=11.0pt
* \footskip=14.22636pt
* \marginparwidth=50.0pt
* \marginparsep=10.0pt
* \columnsep=10.0pt
* \skip\footins=10.0pt plus 4.0pt minus 2.0pt
* \hoffset=0.0pt
* \voffset=0.0pt
* \mag=1000
* \@twocolumnfalse
* \@twosidefalse
* \@mparswitchfalse
* \@reversemarginfalse
* (1in=72.27pt=25.4mm, 1cm=28.453pt)

Requested font "[latinmodern-math.otf]/OT" at 10.95pt
 -> C:/Users/VP242103/Downloads/fonts/opentype/public/lm-math/latinmodern-math.
otf
\g__fontspec_family_latinmodern-math.otf_int=\count170
Requested font "[latinmodern-math]/OT" at 10.95pt
 -> C:/Users/VP242103/Downloads/fonts/opentype/public/lm-math/latinmodern-math.
otf
Requested font "[latinmodern-math]/OT:script=math;language=DFLT;" at 10.95pt
 -> C:/Users/VP242103/Downloads/fonts/opentype/public/lm-math/latinmodern-math.
otf
Requested font "[latinmodern-math.otf]/OT:script=math;language=DFLT;" at 10.95p
t
 -> C:/Users/VP242103/Downloads/fonts/opentype/public/lm-math/latinmodern-math.
otf
LaTeX Font Info:    Encoding `OT1' has changed to `EU1' for symbol font
(Font)              `operators' in the math version `normal' on input line 81.
LaTeX Font Info:    Overwriting symbol font `operators' in version `normal'
(Font)                  OT1/cmr/m/n --> EU1/latinmodern-math.otf(0)/m/n on inpu
t line 81.
LaTeX Font Info:    Encoding `OT1' has changed to `EU1' for symbol font
(Font)              `operators' in the math version `bold' on input line 81.
LaTeX Font Info:    Overwriting symbol font `operators' in version `bold'
(Font)                  OT1/cmr/bx/n --> EU1/latinmodern-math.otf(0)/bx/n on in
put line 81.
LaTeX Font Info:    Encoding `OMS' has changed to `EU1' for symbol font
(Font)              `symbols' in the math version `normal' on input line 81.
LaTeX Font Info:    Overwriting symbol font `symbols' in version `normal'
(Font)                  OMS/cmsy/m/n --> EU1/latinmodern-math.otf(1)/m/n on inp
ut line 81.
LaTeX Font Info:    Encoding `OMS' has changed to `EU1' for symbol font
(Font)              `symbols' in the math version `bold' on input line 81.
LaTeX Font Info:    Overwriting symbol font `symbols' in version `bold'
(Font)                  OMS/cmsy/b/n --> EU1/latinmodern-math.otf(1)/bx/n on in
put line 81.
LaTeX Font Info:    Encoding `OMX' has changed to `EU1' for symbol font
(Font)              `largesymbols' in the math version `normal' on input line 8
1.
LaTeX Font Info:    Overwriting symbol font `largesymbols' in version `normal'
(Font)                  OMX/cmex/m/n --> EU1/latinmodern-math.otf(2)/m/n on inp
ut line 81.
LaTeX Font Info:    Encoding `OMX' has changed to `EU1' for symbol font
(Font)              `largesymbols' in the math version `bold' on input line 81.

LaTeX Font Info:    Overwriting symbol font `largesymbols' in version `bold'
(Font)                  OMX/cmex/m/n --> EU1/latinmodern-math.otf(2)/bx/n on in
put line 81.
ABD: EveryShipout initializing macros
\AtBeginShipoutBox=\box63
Package hyperref Info: Link coloring OFF on input line 81.

(C:\Users\VP242103\Downloads\tex\latex\hyperref\nameref.sty
Package: nameref 2012/10/27 v2.43 Cross-referencing by name of section

(C:\Users\VP242103\Downloads\tex\generic\oberdiek\gettitlestring.sty
Package: gettitlestring 2010/12/03 v1.4 Cleanup title references (HO)
)
\c@section@level=\count171
)
LaTeX Info: Redefining \ref on input line 81.
LaTeX Info: Redefining \pageref on input line 81.
LaTeX Info: Redefining \nameref on input line 81.

("CV_Van Cam PHAM - FR.out") ("CV_Van Cam PHAM - FR.out")
\@outlinefile=\write6
\headertextwidth=\skip81
\headerphotowidth=\skip82
Requested font "[latinmodern-math]/OT:script=math;language=DFLT;+ssty=1;" at 7.
67853pt
 -> C:/Users/VP242103/Downloads/fonts/opentype/public/lm-math/latinmodern-math.
otf
Requested font "[latinmodern-math]/OT:script=math;language=DFLT;+ssty=1;" at 5.
4539pt
 -> C:/Users/VP242103/Downloads/fonts/opentype/public/lm-math/latinmodern-math.
otf
Requested font "cmmi10" at 10.95pt
Requested font "cmmi7" at 7.67853pt
Requested font "cmmi5" at 5.4539pt
LaTeX Font Info:    Font shape `EU1/latinmodern-math.otf(1)/m/n' will be
(Font)              scaled to size 10.95015pt on input line 84.
Requested font "[latinmodern-math]/OT:script=math;language=DFLT;" at 10.95015pt
 -> C:/Users/VP242103/Downloads/fonts/opentype/public/lm-math/latinmodern-math.
otf
LaTeX Font Info:    Font shape `EU1/latinmodern-math.otf(1)/m/n' will be
(Font)              scaled to size 7.67863pt on input line 84.
Requested font "[latinmodern-math]/OT:script=math;language=DFLT;+ssty=1;" at 7.
67863pt
 -> C:/Users/VP242103/Downloads/fonts/opentype/public/lm-math/latinmodern-math.
otf
LaTeX Font Info:    Font shape `EU1/latinmodern-math.otf(1)/m/n' will be
(Font)              scaled to size 5.45398pt on input line 84.
Requested font "[latinmodern-math]/OT:script=math;language=DFLT;+ssty=1;" at 5.
45398pt
 -> C:/Users/VP242103/Downloads/fonts/opentype/public/lm-math/latinmodern-math.
otf
LaTeX Font Info:    Font shape `EU1/latinmodern-math.otf(2)/m/n' will be
(Font)              scaled to size 10.94983pt on input line 84.
Requested font "[latinmodern-math]/OT:script=math;language=DFLT;" at 10.94983pt
 -> C:/Users/VP242103/Downloads/fonts/opentype/public/lm-math/latinmodern-math.
otf
LaTeX Font Info:    Font shape `EU1/latinmodern-math.otf(2)/m/n' will be
(Font)              scaled to size 7.6784pt on input line 84.
Requested font "[latinmodern-math]/OT:script=math;language=DFLT;+ssty=1;" at 7.
6784pt
 -> C:/Users/VP242103/Downloads/fonts/opentype/public/lm-math/latinmodern-math.
otf
LaTeX Font Info:    Font shape `EU1/latinmodern-math.otf(2)/m/n' will be
(Font)              scaled to size 5.45381pt on input line 84.
Requested font "[latinmodern-math]/OT:script=math;language=DFLT;+ssty=1;" at 5.
45381pt
 -> C:/Users/VP242103/Downloads/fonts/opentype/public/lm-math/latinmodern-math.
otf
Requested font "[fonts/Roboto-Thin]/OT:" at 32.0pt
 -> ./fonts/Roboto-Thin.ttf
Requested font "[fonts/Roboto-Regular]/OT:" at 32.0pt
 -> ./fonts/Roboto-Regular.ttf
Requested font "[fonts/Roboto-Bold]/OT:" at 32.0pt
 -> ./fonts/Roboto-Bold.ttf
LaTeX Font Info:    Font shape `EU1/SourceSansPro(1)/m/n' will be
(Font)              scaled to size 7.6pt on input line 84.
Requested font "[SourceSansPro-Regular.otf]/OT:script=latn;language=DFLT;mappin
g=tex-text;+pnum;" at 7.6pt
 -> C:/Users/VP242103/Downloads/fonts/opentype/adobe/sourcesanspro/SourceSansPr
o-Regular.otf
LaTeX Font Info:    Font shape `EU1/SourceSansPro(1)/m/sc' will be
(Font)              scaled to size 7.6pt on input line 84.
Requested font "[SourceSansPro-Regular.otf]/OT:script=latn;language=DFLT;mappin
g=tex-text;+pnum;+smcp;" at 7.6pt
 -> C:/Users/VP242103/Downloads/fonts/opentype/adobe/sourcesanspro/SourceSansPr
o-Regular.otf
Requested font "[fonts/Roboto-Regular]/OT:" at 8.0pt
 -> ./fonts/Roboto-Regular.ttf
Requested font "[fonts/Roboto-Italic]/OT:" at 8.0pt
 -> ./fonts/Roboto-Italic.ttf
Requested font "[fonts/Roboto-Regular]/OT:" at 6.8pt
 -> ./fonts/Roboto-Regular.ttf
Requested font "[fonts/FontAwesome]/OT:" at 6.8pt
 -> ./fonts/FontAwesome.otf
File: photoCam.jpg Graphic file (type QTm)

<use  "photoCam.jpg" >
Overfull \hbox (1.46pt too wide) in paragraph at lines 84--87
[]$[]$ $[]$$[]$
 []

(cv-sections/education-fr.tex
LaTeX Font Info:    Font shape `EU1/SourceSansPro(1)/m/n' will be
(Font)              scaled to size 16.0pt on input line 5.
Requested font "[SourceSansPro-Regular.otf]/OT:script=latn;language=DFLT;mappin
g=tex-text;+pnum;" at 16.0pt
 -> C:/Users/VP242103/Downloads/fonts/opentype/adobe/sourcesanspro/SourceSansPr
o-Regular.otf
LaTeX Font Info:    Font shape `EU1/SourceSansPro(1)/bx/n' will be
(Font)              scaled to size 16.0pt on input line 5.
Requested font "[SourceSansPro-Bold.otf]/OT:script=latn;language=DFLT;mapping=t
ex-text;+pnum;" at 16.0pt
 -> C:/Users/VP242103/Downloads/fonts/opentype/adobe/sourcesanspro/SourceSansPr
o-Bold.otf
LaTeX Font Info:    Font shape `EU1/SourceSansPro(1)/m/n' will be
(Font)              scaled to size 10.0pt on input line 27.
Requested font "[SourceSansPro-Regular.otf]/OT:script=latn;language=DFLT;mappin
g=tex-text;+pnum;" at 10.0pt
 -> C:/Users/VP242103/Downloads/fonts/opentype/adobe/sourcesanspro/SourceSansPr
o-Regular.otf
LaTeX Font Info:    Font shape `EU1/SourceSansPro(1)/bx/n' will be
(Font)              scaled to size 10.0pt on input line 27.
Requested font "[SourceSansPro-Bold.otf]/OT:script=latn;language=DFLT;mapping=t
ex-text;+pnum;" at 10.0pt
 -> C:/Users/VP242103/Downloads/fonts/opentype/adobe/sourcesanspro/SourceSansPr
o-Bold.otf
LaTeX Font Info:    Font shape `EU1/SourceSansPro(2)/m/n' will be
(Font)              scaled to size 9.0pt on input line 27.
Requested font "[SourceSansPro-Light.otf]/OT:script=latn;language=DFLT;mapping=
tex-text;+pnum;" at 9.0pt
 -> C:/Users/VP242103/Downloads/fonts/opentype/adobe/sourcesanspro/SourceSansPr
o-Light.otf
LaTeX Font Info:    Font shape `EU1/SourceSansPro(2)/m/sl' in size <9> not avai
lable
(Font)              Font shape `EU1/SourceSansPro(2)/m/it' tried instead on inp
ut line 27.
LaTeX Font Info:    Font shape `EU1/SourceSansPro(2)/m/it' will be
(Font)              scaled to size 9.0pt on input line 27.
Requested font "[SourceSansPro-LightIt.otf]/OT:script=latn;language=DFLT;mappin
g=tex-text;+pnum;" at 9.0pt
 -> C:/Users/VP242103/Downloads/fonts/opentype/adobe/sourcesanspro/SourceSansPr
o-LightIt.otf
LaTeX Font Info:    Font shape `EU1/SourceSansPro(1)/m/n' will be
(Font)              scaled to size 8.0pt on input line 27.
Requested font "[SourceSansPro-Regular.otf]/OT:script=latn;language=DFLT;mappin
g=tex-text;+pnum;" at 8.0pt
 -> C:/Users/VP242103/Downloads/fonts/opentype/adobe/sourcesanspro/SourceSansPr
o-Regular.otf
LaTeX Font Info:    Font shape `EU1/SourceSansPro(1)/m/sc' will be
(Font)              scaled to size 8.0pt on input line 27.
Requested font "[SourceSansPro-Regular.otf]/OT:script=latn;language=DFLT;mappin
g=tex-text;+pnum;+smcp;" at 8.0pt
 -> C:/Users/VP242103/Downloads/fonts/opentype/adobe/sourcesanspro/SourceSansPr
o-Regular.otf
LaTeX Font Info:    Font shape `EU1/SourceSansPro(2)/m/n' will be
(Font)              scaled to size 8.0pt on input line 27.
Requested font "[SourceSansPro-Light.otf]/OT:script=latn;language=DFLT;mapping=
tex-text;+pnum;" at 8.0pt
 -> C:/Users/VP242103/Downloads/fonts/opentype/adobe/sourcesanspro/SourceSansPr
o-Light.otf
LaTeX Font Info:    Font shape `EU1/SourceSansPro(2)/m/sl' in size <8> not avai
lable
(Font)              Font shape `EU1/SourceSansPro(2)/m/it' tried instead on inp
ut line 27.
LaTeX Font Info:    Font shape `EU1/SourceSansPro(2)/m/it' will be
(Font)              scaled to size 8.0pt on input line 27.
Requested font "[SourceSansPro-LightIt.otf]/OT:script=latn;language=DFLT;mappin
g=tex-text;+pnum;" at 8.0pt
 -> C:/Users/VP242103/Downloads/fonts/opentype/adobe/sourcesanspro/SourceSansPr
o-LightIt.otf
LaTeX Font Info:    Font shape `EU1/SourceSansPro(2)/bx/n' will be
(Font)              scaled to size 9.0pt on input line 27.
Requested font "[SourceSansPro-Semibold.otf]/OT:script=latn;language=DFLT;mappi
ng=tex-text;+pnum;" at 9.0pt
 -> C:/Users/VP242103/Downloads/fonts/opentype/adobe/sourcesanspro/SourceSansPr
o-Semibold.otf
) (cv-sections/employment-fr.tex
(vietnaminternship.tex [1

])) (cv-sections/skiils-fr.tex
LaTeX Font Info:    Font shape `EU1/SourceSansPro(2)/m/n' will be
(Font)              scaled to size 10.0pt on input line 17.
Requested font "[SourceSansPro-Light.otf]/OT:script=latn;language=DFLT;mapping=
tex-text;+pnum;" at 10.0pt
 -> C:/Users/VP242103/Downloads/fonts/opentype/adobe/sourcesanspro/SourceSansPr
o-Light.otf
)
(cv-sections/interests-fr.tex [2]) (cv-sections/references-fr.tex
Requested font "[latinmodern-math]/OT:script=math;language=DFLT;+ssty=0;" at 9.
0pt
 -> C:/Users/VP242103/Downloads/fonts/opentype/public/lm-math/latinmodern-math.
otf
Requested font "[latinmodern-math]/OT:script=math;language=DFLT;+ssty=1;" at 6.
0pt
 -> C:/Users/VP242103/Downloads/fonts/opentype/public/lm-math/latinmodern-math.
otf
Requested font "[latinmodern-math]/OT:script=math;language=DFLT;+ssty=1;" at 5.
0pt
 -> C:/Users/VP242103/Downloads/fonts/opentype/public/lm-math/latinmodern-math.
otf
Requested font "cmmi9" at 9.0pt
Requested font "cmmi6" at 6.0pt
LaTeX Font Info:    Font shape `EU1/latinmodern-math.otf(1)/m/n' will be
(Font)              scaled to size 9.00014pt on input line 9.
Requested font "[latinmodern-math]/OT:script=math;language=DFLT;+ssty=0;" at 9.
00014pt
 -> C:/Users/VP242103/Downloads/fonts/opentype/public/lm-math/latinmodern-math.
otf
LaTeX Font Info:    Font shape `EU1/latinmodern-math.otf(1)/m/n' will be
(Font)              scaled to size 6.00009pt on input line 9.
Requested font "[latinmodern-math]/OT:script=math;language=DFLT;+ssty=1;" at 6.
00009pt
 -> C:/Users/VP242103/Downloads/fonts/opentype/public/lm-math/latinmodern-math.
otf
LaTeX Font Info:    Font shape `EU1/latinmodern-math.otf(1)/m/n' will be
(Font)              scaled to size 5.00008pt on input line 9.
Requested font "[latinmodern-math]/OT:script=math;language=DFLT;+ssty=1;" at 5.
00008pt
 -> C:/Users/VP242103/Downloads/fonts/opentype/public/lm-math/latinmodern-math.
otf
LaTeX Font Info:    Font shape `EU1/latinmodern-math.otf(2)/m/n' will be
(Font)              scaled to size 8.99986pt on input line 9.
Requested font "[latinmodern-math]/OT:script=math;language=DFLT;+ssty=0;" at 8.
99986pt
 -> C:/Users/VP242103/Downloads/fonts/opentype/public/lm-math/latinmodern-math.
otf
LaTeX Font Info:    Font shape `EU1/latinmodern-math.otf(2)/m/n' will be
(Font)              scaled to size 5.99991pt on input line 9.
Requested font "[latinmodern-math]/OT:script=math;language=DFLT;+ssty=1;" at 5.
99991pt
 -> C:/Users/VP242103/Downloads/fonts/opentype/public/lm-math/latinmodern-math.
otf
LaTeX Font Info:    Font shape `EU1/latinmodern-math.otf(2)/m/n' will be
(Font)              scaled to size 4.99992pt on input line 9.
Requested font "[latinmodern-math]/OT:script=math;language=DFLT;+ssty=1;" at 4.
99992pt
 -> C:/Users/VP242103/Downloads/fonts/opentype/public/lm-math/latinmodern-math.
otf

Overfull \hbox (16.66272pt too wide) in paragraph at lines 9--10
 [][][] 
 []

) (cv-sections/publications-fr.tex ("CV_Van Cam PHAM - FR.bbl")
("CV_Van Cam PHAM - FR.bbl"
LaTeX Font Info:    Font shape `EU1/SourceSansPro(0)/m/n' will be
(Font)              scaled to size 9.0pt on input line 1.
Requested font "[SourceSansPro-Regular.otf]/OT:script=latn;language=DFLT;mappin
g=tex-text;+pnum;mapping=tex-text;" at 9.0pt
 -> C:/Users/VP242103/Downloads/fonts/opentype/adobe/sourcesanspro/SourceSansPr
o-Regular.otf
LaTeX Font Info:    Font shape `EU1/SourceSansPro(0)/m/n' will be
(Font)              scaled to size 14.4pt on input line 1.
Requested font "[SourceSansPro-Regular.otf]/OT:script=latn;language=DFLT;mappin
g=tex-text;+pnum;mapping=tex-text;" at 14.4pt
 -> C:/Users/VP242103/Downloads/fonts/opentype/adobe/sourcesanspro/SourceSansPr
o-Regular.otf
LaTeX Font Info:    Font shape `EU1/SourceSansPro(0)/bx/n' will be
(Font)              scaled to size 14.4pt on input line 1.
Requested font "[SourceSansPro-Bold.otf]/OT:script=latn;language=DFLT;mapping=t
ex-text;+pnum;mapping=tex-text;" at 14.4pt
 -> C:/Users/VP242103/Downloads/fonts/opentype/adobe/sourcesanspro/SourceSansPr
o-Bold.otf
) [3]) (cv-sections/presentation-fr.tex) [4]
Package atveryend Info: Empty hook `BeforeClearDocument' on input line 130.
Package atveryend Info: Empty hook `AfterLastShipout' on input line 130.

("CV_Van Cam PHAM - FR.aux")
Package atveryend Info: Empty hook `AtVeryEndDocument' on input line 130.
Package atveryend Info: Empty hook `AtEndAfterFileList' on input line 130.
 ) 
Here is how much of TeX's memory you used:
 41463 strings out of 428755
 790194 string characters out of 3164220
 935880 words of memory out of 3000000
 44288 multiletter control sequences out of 15000+200000
 7866 words of font info for 94 fonts, out of 3000000 for 9000
 1096 hyphenation exceptions out of 8191
 72i,12n,89p,10428b,484s stack positions out of 5000i,500n,10000p,200000b,50000s

Output written on CV_Van Cam PHAM - FR.pdf (4 pages).
